{"/Users/adebisioluwabukunmi/Desktop/workspace/QuestionerREACT/src/components/App.js": {"path":"/Users/adebisioluwabukunmi/Desktop/workspace/QuestionerREACT/src/components/App.js","statementMap":{"0":{"start":{"line":5,"column":4},"end":{"line":9,"column":5}}},"fnMap":{"0":{"name":"(anonymous_0)","decl":{"start":{"line":4,"column":2},"end":{"line":4,"column":3}},"loc":{"start":{"line":4,"column":11},"end":{"line":10,"column":3}},"line":4}},"branchMap":{},"s":{"0":1},"f":{"0":1},"b":{},"_coverageSchema":"43e27e138ebf9cfc5966b082cf9a028302ed4184","hash":"a18f846659bc45b4ad587102e3b4f9b0cc2e48de"}
}
